{
  "stats": {
    "suites": 1,
    "tests": 8,
    "passes": 2,
    "pending": 0,
    "failures": 6,
    "start": "2026-05-09T07:03:05.111Z",
    "end": "2026-05-09T07:03:10.074Z",
    "duration": 4963,
    "testsRegistered": 8,
    "passPercent": 25,
    "pendingPercent": 0,
    "other": 0,
    "hasOther": false,
    "skipped": 0,
    "hasSkipped": false
  },
  "results": [
    {
      "uuid": "4db50a66-d958-4349-b52e-5190e20b2eab",
      "title": "",
      "fullFile": "cypress\\integration\\backend\\backendTests.spec.js",
      "file": "cypress\\integration\\backend\\backendTests.spec.js",
      "beforeHooks": [],
      "afterHooks": [],
      "tests": [],
      "suites": [
        {
          "uuid": "f0db911b-0696-44b4-b286-85bef010ac21",
          "title": "Backend API Tests for Employee and Admin Role",
          "fullFile": "",
          "file": "",
          "beforeHooks": [],
          "afterHooks": [],
          "tests": [
            {
              "title": "should register a new employee",
              "fullTitle": "Backend API Tests for Employee and Admin Role should register a new employee",
              "timedOut": null,
              "duration": 1065,
              "state": "failed",
              "speed": null,
              "pass": false,
              "fail": true,
              "pending": false,
              "context": null,
              "code": "cy.request(\"POST\", `${apiUrl}/auth/register`, {\n  username: employeeUsername,\n  // Use the dynamically generated username\n  password: employeePassword\n}).then(response => {\n  expect(response.status).to.eq(201);\n  expect(response.body).to.have.property(\"message\", \"User registered successfully\");\n});",
              "err": {
                "message": "CypressError: `cy.request()` failed on:\n\nhttp://localhost:3001/api/auth/register\n\nThe response we received from your web server was:\n\n  > 500: Internal Server Error\n\nThis was considered a failure because the status code was not `2xx` or `3xx`.\n\nIf you do not want status codes to cause failures pass the option: `failOnStatusCode: false`\n\n-----------------------------------------------------------\n\nThe request we sent was:\n\nMethod: POST\nURL: http://localhost:3001/api/auth/register\nHeaders: {\n  \"Connection\": \"keep-alive\",\n  \"user-agent\": \"Mozilla/5.0 (Windows NT 10.0; Win64; x64) AppleWebKit/537.36 (KHTML, like Gecko) Cypress/13.17.0 Chrome/118.0.5993.159 Electron/27.3.10 Safari/537.36\",\n  \"accept\": \"*/*\",\n  \"accept-encoding\": \"gzip, deflate\",\n  \"content-type\": \"application/json\",\n  \"content-length\": 50\n}\nBody: {\"username\":\"emp_1778310184954\",\"password\":\"emp4\"}\n\n-----------------------------------------------------------\n\nThe response we got was:\n\nStatus: 500 - Internal Server Error\nHeaders: {\n  \"x-powered-by\": \"Express\",\n  \"access-control-allow-origin\": \"*\",\n  \"content-security-policy\": \"default-src 'none'\",\n  \"x-content-type-options\": \"nosniff\",\n  \"content-type\": \"text/html; charset=utf-8\",\n  \"content-length\": \"1707\",\n  \"date\": \"Sat, 09 May 2026 07:03:05 GMT\",\n  \"connection\": \"keep-alive\",\n  \"keep-alive\": \"timeout=5\"\n}\nBody: <!DOCTYPE html>\n<html lang=\"en\">\n<head>\n<meta charset=\"utf-8\">\n<title>Error</title>\n</head>\n<body>\n<pre>MongoServerError: E11000 duplicate key error collection: test.users index: email_1 dup key: { email: null }<br> &nbsp; &nbsp;at InsertOneOperation.handleOk (C:\\Users\\subas\\OneDrive\\Desktop\\buildXExit\\patilsuhas2021-ME_MERN_XEXIT\\backend\\node_modules\\mongodb\\lib\\operations\\insert.js:51:19)<br> &nbsp; &nbsp;at tryOperation (C:\\Users\\subas\\OneDrive\\Desktop\\buildXExit\\patilsuhas2021-ME_MERN_XEXIT\\backend\\node_modules\\mongodb\\lib\\operations\\execute_operation.js:217:34)<br> &nbsp; &nbsp;at process.processTicksAndRejections (node:internal/process/task_queues:95:5)<br> &nbsp; &nbsp;at async executeOperation (C:\\Users\\subas\\OneDrive\\Desktop\\buildXExit\\patilsuhas2021-ME_MERN_XEXIT\\backend\\node_modules\\mongodb\\lib\\operations\\execute_operation.js:80:16)<br> &nbsp; &nbsp;at async Collection.insertOne (C:\\Users\\subas\\OneDrive\\Desktop\\buildXExit\\patilsuhas2021-ME_MERN_XEXIT\\backend\\node_modules\\mongodb\\lib\\collection.js:154:16)<br> &nbsp; &nbsp;at async model.$__save (C:\\Users\\subas\\OneDrive\\Desktop\\buildXExit\\patilsuhas2021-ME_MERN_XEXIT\\backend\\node_modules\\mongoose\\lib\\model.js:428:16)<br> &nbsp; &nbsp;at async model.save (C:\\Users\\subas\\OneDrive\\Desktop\\buildXExit\\patilsuhas2021-ME_MERN_XEXIT\\backend\\node_modules\\mongoose\\lib\\model.js:667:5)<br> &nbsp; &nbsp;at async Function.create (C:\\Users\\subas\\OneDrive\\Desktop\\buildXExit\\patilsuhas2021-ME_MERN_XEXIT\\backend\\node_modules\\mongoose\\lib\\model.js:2754:5)<br> &nbsp; &nbsp;at async exports.register (C:\\Users\\subas\\OneDrive\\Desktop\\buildXExit\\patilsuhas2021-ME_MERN_XEXIT\\backend\\src\\controllers\\auth.controller.js:9:3)</pre>\n</body>\n</html>\n\nhttps://on.cypress.io/request",
                "estack": "CypressError: `cy.request()` failed on:\n\nhttp://localhost:3001/api/auth/register\n\nThe response we received from your web server was:\n\n  > 500: Internal Server Error\n\nThis was considered a failure because the status code was not `2xx` or `3xx`.\n\nIf you do not want status codes to cause failures pass the option: `failOnStatusCode: false`\n\n-----------------------------------------------------------\n\nThe request we sent was:\n\nMethod: POST\nURL: http://localhost:3001/api/auth/register\nHeaders: {\n  \"Connection\": \"keep-alive\",\n  \"user-agent\": \"Mozilla/5.0 (Windows NT 10.0; Win64; x64) AppleWebKit/537.36 (KHTML, like Gecko) Cypress/13.17.0 Chrome/118.0.5993.159 Electron/27.3.10 Safari/537.36\",\n  \"accept\": \"*/*\",\n  \"accept-encoding\": \"gzip, deflate\",\n  \"content-type\": \"application/json\",\n  \"content-length\": 50\n}\nBody: {\"username\":\"emp_1778310184954\",\"password\":\"emp4\"}\n\n-----------------------------------------------------------\n\nThe response we got was:\n\nStatus: 500 - Internal Server Error\nHeaders: {\n  \"x-powered-by\": \"Express\",\n  \"access-control-allow-origin\": \"*\",\n  \"content-security-policy\": \"default-src 'none'\",\n  \"x-content-type-options\": \"nosniff\",\n  \"content-type\": \"text/html; charset=utf-8\",\n  \"content-length\": \"1707\",\n  \"date\": \"Sat, 09 May 2026 07:03:05 GMT\",\n  \"connection\": \"keep-alive\",\n  \"keep-alive\": \"timeout=5\"\n}\nBody: <!DOCTYPE html>\n<html lang=\"en\">\n<head>\n<meta charset=\"utf-8\">\n<title>Error</title>\n</head>\n<body>\n<pre>MongoServerError: E11000 duplicate key error collection: test.users index: email_1 dup key: { email: null }<br> &nbsp; &nbsp;at InsertOneOperation.handleOk (C:\\Users\\subas\\OneDrive\\Desktop\\buildXExit\\patilsuhas2021-ME_MERN_XEXIT\\backend\\node_modules\\mongodb\\lib\\operations\\insert.js:51:19)<br> &nbsp; &nbsp;at tryOperation (C:\\Users\\subas\\OneDrive\\Desktop\\buildXExit\\patilsuhas2021-ME_MERN_XEXIT\\backend\\node_modules\\mongodb\\lib\\operations\\execute_operation.js:217:34)<br> &nbsp; &nbsp;at process.processTicksAndRejections (node:internal/process/task_queues:95:5)<br> &nbsp; &nbsp;at async executeOperation (C:\\Users\\subas\\OneDrive\\Desktop\\buildXExit\\patilsuhas2021-ME_MERN_XEXIT\\backend\\node_modules\\mongodb\\lib\\operations\\execute_operation.js:80:16)<br> &nbsp; &nbsp;at async Collection.insertOne (C:\\Users\\subas\\OneDrive\\Desktop\\buildXExit\\patilsuhas2021-ME_MERN_XEXIT\\backend\\node_modules\\mongodb\\lib\\collection.js:154:16)<br> &nbsp; &nbsp;at async model.$__save (C:\\Users\\subas\\OneDrive\\Desktop\\buildXExit\\patilsuhas2021-ME_MERN_XEXIT\\backend\\node_modules\\mongoose\\lib\\model.js:428:16)<br> &nbsp; &nbsp;at async model.save (C:\\Users\\subas\\OneDrive\\Desktop\\buildXExit\\patilsuhas2021-ME_MERN_XEXIT\\backend\\node_modules\\mongoose\\lib\\model.js:667:5)<br> &nbsp; &nbsp;at async Function.create (C:\\Users\\subas\\OneDrive\\Desktop\\buildXExit\\patilsuhas2021-ME_MERN_XEXIT\\backend\\node_modules\\mongoose\\lib\\model.js:2754:5)<br> &nbsp; &nbsp;at async exports.register (C:\\Users\\subas\\OneDrive\\Desktop\\buildXExit\\patilsuhas2021-ME_MERN_XEXIT\\backend\\src\\controllers\\auth.controller.js:9:3)</pre>\n</body>\n</html>\n\nhttps://on.cypress.io/request\n    at <unknown> (http://localhost:3001/__cypress/runner/cypress_runner.js:132876:72)\n    at tryCatcher (http://localhost:3001/__cypress/runner/cypress_runner.js:1830:23)\n    at Promise._settlePromiseFromHandler (http://localhost:3001/__cypress/runner/cypress_runner.js:1542:31)\n    at Promise._settlePromise (http://localhost:3001/__cypress/runner/cypress_runner.js:1599:18)\n    at Promise._settlePromise0 (http://localhost:3001/__cypress/runner/cypress_runner.js:1644:10)\n    at Promise._settlePromises (http://localhost:3001/__cypress/runner/cypress_runner.js:1724:18)\n    at _drainQueueStep (http://localhost:3001/__cypress/runner/cypress_runner.js:2430:12)\n    at _drainQueue (http://localhost:3001/__cypress/runner/cypress_runner.js:2423:9)\n    at Async._drainQueues (http://localhost:3001/__cypress/runner/cypress_runner.js:2439:5)\n    at Async.drainQueues (http://localhost:3001/__cypress/runner/cypress_runner.js:2309:14)\nFrom Your Spec Code:\n    at Context.eval (webpack://exitease/./cypress/integration/backend/backendTests.spec.js:9:7)",
                "diff": null
              },
              "uuid": "7581b5f8-84a6-495f-a9b1-c2192c065f2e",
              "parentUUID": "f0db911b-0696-44b4-b286-85bef010ac21",
              "isHook": false,
              "skipped": false
            },
            {
              "title": "should login the employee with valid credentials",
              "fullTitle": "Backend API Tests for Employee and Admin Role should login the employee with valid credentials",
              "timedOut": null,
              "duration": 692,
              "state": "failed",
              "speed": null,
              "pass": false,
              "fail": true,
              "pending": false,
              "context": null,
              "code": "cy.request(\"POST\", `${apiUrl}/auth/login`, {\n  username: employeeUsername,\n  // Use the same username as registration\n  password: employeePassword // Use the same password as registration\n}).then(response => {\n  expect(response.status).to.eq(200);\n  expect(response.body).to.have.property(\"token\");\n  Cypress.env(\"employeeAuthToken\", response.body.token); // Store token in Cypress environment variable\n});",
              "err": {
                "message": "CypressError: `cy.request()` failed on:\n\nhttp://localhost:3001/api/auth/login\n\nThe response we received from your web server was:\n\n  > 400: Bad Request\n\nThis was considered a failure because the status code was not `2xx` or `3xx`.\n\nIf you do not want status codes to cause failures pass the option: `failOnStatusCode: false`\n\n-----------------------------------------------------------\n\nThe request we sent was:\n\nMethod: POST\nURL: http://localhost:3001/api/auth/login\nHeaders: {\n  \"Connection\": \"keep-alive\",\n  \"user-agent\": \"Mozilla/5.0 (Windows NT 10.0; Win64; x64) AppleWebKit/537.36 (KHTML, like Gecko) Cypress/13.17.0 Chrome/118.0.5993.159 Electron/27.3.10 Safari/537.36\",\n  \"accept\": \"*/*\",\n  \"accept-encoding\": \"gzip, deflate\",\n  \"content-type\": \"application/json\",\n  \"content-length\": 50\n}\nBody: {\"username\":\"emp_1778310184954\",\"password\":\"emp4\"}\n\n-----------------------------------------------------------\n\nThe response we got was:\n\nStatus: 400 - Bad Request\nHeaders: {\n  \"x-powered-by\": \"Express\",\n  \"access-control-allow-origin\": \"*\",\n  \"content-type\": \"application/json; charset=utf-8\",\n  \"content-length\": \"28\",\n  \"etag\": \"W/\\\"1c-ZEVVcvtFhxKX/QUvVKqKxwGbbNA\\\"\",\n  \"date\": \"Sat, 09 May 2026 07:03:06 GMT\",\n  \"connection\": \"keep-alive\",\n  \"keep-alive\": \"timeout=5\"\n}\nBody: {\n  \"message\": \"User not found\"\n}\n\n\nhttps://on.cypress.io/request",
                "estack": "CypressError: `cy.request()` failed on:\n\nhttp://localhost:3001/api/auth/login\n\nThe response we received from your web server was:\n\n  > 400: Bad Request\n\nThis was considered a failure because the status code was not `2xx` or `3xx`.\n\nIf you do not want status codes to cause failures pass the option: `failOnStatusCode: false`\n\n-----------------------------------------------------------\n\nThe request we sent was:\n\nMethod: POST\nURL: http://localhost:3001/api/auth/login\nHeaders: {\n  \"Connection\": \"keep-alive\",\n  \"user-agent\": \"Mozilla/5.0 (Windows NT 10.0; Win64; x64) AppleWebKit/537.36 (KHTML, like Gecko) Cypress/13.17.0 Chrome/118.0.5993.159 Electron/27.3.10 Safari/537.36\",\n  \"accept\": \"*/*\",\n  \"accept-encoding\": \"gzip, deflate\",\n  \"content-type\": \"application/json\",\n  \"content-length\": 50\n}\nBody: {\"username\":\"emp_1778310184954\",\"password\":\"emp4\"}\n\n-----------------------------------------------------------\n\nThe response we got was:\n\nStatus: 400 - Bad Request\nHeaders: {\n  \"x-powered-by\": \"Express\",\n  \"access-control-allow-origin\": \"*\",\n  \"content-type\": \"application/json; charset=utf-8\",\n  \"content-length\": \"28\",\n  \"etag\": \"W/\\\"1c-ZEVVcvtFhxKX/QUvVKqKxwGbbNA\\\"\",\n  \"date\": \"Sat, 09 May 2026 07:03:06 GMT\",\n  \"connection\": \"keep-alive\",\n  \"keep-alive\": \"timeout=5\"\n}\nBody: {\n  \"message\": \"User not found\"\n}\n\n\nhttps://on.cypress.io/request\n    at <unknown> (http://localhost:3001/__cypress/runner/cypress_runner.js:132876:72)\n    at tryCatcher (http://localhost:3001/__cypress/runner/cypress_runner.js:1830:23)\n    at Promise._settlePromiseFromHandler (http://localhost:3001/__cypress/runner/cypress_runner.js:1542:31)\n    at Promise._settlePromise (http://localhost:3001/__cypress/runner/cypress_runner.js:1599:18)\n    at Promise._settlePromise0 (http://localhost:3001/__cypress/runner/cypress_runner.js:1644:10)\n    at Promise._settlePromises (http://localhost:3001/__cypress/runner/cypress_runner.js:1724:18)\n    at _drainQueueStep (http://localhost:3001/__cypress/runner/cypress_runner.js:2430:12)\n    at _drainQueue (http://localhost:3001/__cypress/runner/cypress_runner.js:2423:9)\n    at Async._drainQueues (http://localhost:3001/__cypress/runner/cypress_runner.js:2439:5)\n    at Async.drainQueues (http://localhost:3001/__cypress/runner/cypress_runner.js:2309:14)\nFrom Your Spec Code:\n    at Context.eval (webpack://exitease/./cypress/integration/backend/backendTests.spec.js:22:7)",
                "diff": null
              },
              "uuid": "54098f36-78d5-462c-8679-7433f8612bcf",
              "parentUUID": "f0db911b-0696-44b4-b286-85bef010ac21",
              "isHook": false,
              "skipped": false
            },
            {
              "title": "should submit resignation for an employee",
              "fullTitle": "Backend API Tests for Employee and Admin Role should submit resignation for an employee",
              "timedOut": null,
              "duration": 362,
              "state": "failed",
              "speed": null,
              "pass": false,
              "fail": true,
              "pending": false,
              "context": null,
              "code": "const token = Cypress.env(\"employeeAuthToken\"); // Retrieve token from Cypress environment variable\ncy.request({\n  method: \"POST\",\n  url: `${apiUrl}/user/resign`,\n  headers: {\n    Authorization: `${token}`\n  },\n  body: {\n    lwd: \"2025-12-26\"\n  }\n}).then(response => {\n  expect(response.status).to.eq(200);\n  employeeResignationId = response.body.data.resignation._id; // Store resignation ID for approval\n});",
              "err": {
                "message": "CypressError: `cy.request()` failed on:\n\nhttp://localhost:3001/api/user/resign\n\nThe response we received from your web server was:\n\n  > 401: Unauthorized\n\nThis was considered a failure because the status code was not `2xx` or `3xx`.\n\nIf you do not want status codes to cause failures pass the option: `failOnStatusCode: false`\n\n-----------------------------------------------------------\n\nThe request we sent was:\n\nMethod: POST\nURL: http://localhost:3001/api/user/resign\nHeaders: {\n  \"Connection\": \"keep-alive\",\n  \"Authorization\": \"undefined\",\n  \"user-agent\": \"Mozilla/5.0 (Windows NT 10.0; Win64; x64) AppleWebKit/537.36 (KHTML, like Gecko) Cypress/13.17.0 Chrome/118.0.5993.159 Electron/27.3.10 Safari/537.36\",\n  \"accept\": \"*/*\",\n  \"accept-encoding\": \"gzip, deflate\",\n  \"content-type\": \"application/json\",\n  \"content-length\": 20\n}\nBody: {\"lwd\":\"2025-12-26\"}\n\n-----------------------------------------------------------\n\nThe response we got was:\n\nStatus: 401 - Unauthorized\nHeaders: {\n  \"x-powered-by\": \"Express\",\n  \"access-control-allow-origin\": \"*\",\n  \"content-type\": \"application/json; charset=utf-8\",\n  \"content-length\": \"38\",\n  \"etag\": \"W/\\\"26-Xgv+GaqVb5MdihttTXhzczcstUY\\\"\",\n  \"date\": \"Sat, 09 May 2026 07:03:07 GMT\",\n  \"connection\": \"keep-alive\",\n  \"keep-alive\": \"timeout=5\"\n}\nBody: {\n  \"message\": \"Invalid or expired token\"\n}\n\n\nhttps://on.cypress.io/request",
                "estack": "CypressError: `cy.request()` failed on:\n\nhttp://localhost:3001/api/user/resign\n\nThe response we received from your web server was:\n\n  > 401: Unauthorized\n\nThis was considered a failure because the status code was not `2xx` or `3xx`.\n\nIf you do not want status codes to cause failures pass the option: `failOnStatusCode: false`\n\n-----------------------------------------------------------\n\nThe request we sent was:\n\nMethod: POST\nURL: http://localhost:3001/api/user/resign\nHeaders: {\n  \"Connection\": \"keep-alive\",\n  \"Authorization\": \"undefined\",\n  \"user-agent\": \"Mozilla/5.0 (Windows NT 10.0; Win64; x64) AppleWebKit/537.36 (KHTML, like Gecko) Cypress/13.17.0 Chrome/118.0.5993.159 Electron/27.3.10 Safari/537.36\",\n  \"accept\": \"*/*\",\n  \"accept-encoding\": \"gzip, deflate\",\n  \"content-type\": \"application/json\",\n  \"content-length\": 20\n}\nBody: {\"lwd\":\"2025-12-26\"}\n\n-----------------------------------------------------------\n\nThe response we got was:\n\nStatus: 401 - Unauthorized\nHeaders: {\n  \"x-powered-by\": \"Express\",\n  \"access-control-allow-origin\": \"*\",\n  \"content-type\": \"application/json; charset=utf-8\",\n  \"content-length\": \"38\",\n  \"etag\": \"W/\\\"26-Xgv+GaqVb5MdihttTXhzczcstUY\\\"\",\n  \"date\": \"Sat, 09 May 2026 07:03:07 GMT\",\n  \"connection\": \"keep-alive\",\n  \"keep-alive\": \"timeout=5\"\n}\nBody: {\n  \"message\": \"Invalid or expired token\"\n}\n\n\nhttps://on.cypress.io/request\n    at <unknown> (http://localhost:3001/__cypress/runner/cypress_runner.js:132876:72)\n    at tryCatcher (http://localhost:3001/__cypress/runner/cypress_runner.js:1830:23)\n    at Promise._settlePromiseFromHandler (http://localhost:3001/__cypress/runner/cypress_runner.js:1542:31)\n    at Promise._settlePromise (http://localhost:3001/__cypress/runner/cypress_runner.js:1599:18)\n    at Promise._settlePromise0 (http://localhost:3001/__cypress/runner/cypress_runner.js:1644:10)\n    at Promise._settlePromises (http://localhost:3001/__cypress/runner/cypress_runner.js:1724:18)\n    at _drainQueueStep (http://localhost:3001/__cypress/runner/cypress_runner.js:2430:12)\n    at _drainQueue (http://localhost:3001/__cypress/runner/cypress_runner.js:2423:9)\n    at Async._drainQueues (http://localhost:3001/__cypress/runner/cypress_runner.js:2439:5)\n    at Async.drainQueues (http://localhost:3001/__cypress/runner/cypress_runner.js:2309:14)\nFrom Your Spec Code:\n    at Context.eval (webpack://exitease/./cypress/integration/backend/backendTests.spec.js:34:7)",
                "diff": null
              },
              "uuid": "1abe2d63-0def-47a5-ab3a-a4d886545dda",
              "parentUUID": "f0db911b-0696-44b4-b286-85bef010ac21",
              "isHook": false,
              "skipped": false
            },
            {
              "title": "should login as admin (HR)",
              "fullTitle": "Backend API Tests for Employee and Admin Role should login as admin (HR)",
              "timedOut": null,
              "duration": 112,
              "state": "passed",
              "speed": "fast",
              "pass": true,
              "fail": false,
              "pending": false,
              "context": null,
              "code": "cy.request(\"POST\", `${apiUrl}/auth/login`, {\n  username: \"admin\",\n  password: \"admin\"\n}).then(response => {\n  expect(response.status).to.eq(200);\n  expect(response.body).to.have.property(\"token\");\n  Cypress.env(\"adminAuthToken\", response.body.token); // Store admin token in Cypress environment variable\n});",
              "err": {},
              "uuid": "45f1ea93-1d5c-4d38-870b-0fccd637a53d",
              "parentUUID": "f0db911b-0696-44b4-b286-85bef010ac21",
              "isHook": false,
              "skipped": false
            },
            {
              "title": "should view all resignations submitted by employees as admin",
              "fullTitle": "Backend API Tests for Employee and Admin Role should view all resignations submitted by employees as admin",
              "timedOut": null,
              "duration": 237,
              "state": "passed",
              "speed": "fast",
              "pass": true,
              "fail": false,
              "pending": false,
              "context": null,
              "code": "const token = Cypress.env(\"adminAuthToken\"); // Retrieve admin token from Cypress environment variable\ncy.request({\n  method: \"GET\",\n  url: `${apiUrl}/admin/resignations`,\n  headers: {\n    Authorization: `${token}`\n  }\n}).then(response => {\n  expect(response.status).to.eq(200);\n  expect(response.body.data).to.be.an(\"array\");\n});",
              "err": {},
              "uuid": "e8dcde54-6e7a-4f61-becb-03f502967cc3",
              "parentUUID": "f0db911b-0696-44b4-b286-85bef010ac21",
              "isHook": false,
              "skipped": false
            },
            {
              "title": "should approve the employee’s resignation as admin",
              "fullTitle": "Backend API Tests for Employee and Admin Role should approve the employee’s resignation as admin",
              "timedOut": null,
              "duration": 549,
              "state": "failed",
              "speed": null,
              "pass": false,
              "fail": true,
              "pending": false,
              "context": null,
              "code": "const token = Cypress.env(\"adminAuthToken\"); // Retrieve admin token from Cypress environment variable\ncy.request({\n  method: \"PUT\",\n  url: `${apiUrl}/admin/conclude_resignation`,\n  headers: {\n    Authorization: `${token}`\n  },\n  body: {\n    resignationId: employeeResignationId,\n    approved: true,\n    lwd: \"26 Dec 2025\"\n  }\n}).then(response => {\n  expect(response.status).to.eq(200);\n});",
              "err": {
                "message": "CypressError: `cy.request()` failed on:\n\nhttp://localhost:3001/api/admin/conclude_resignation\n\nThe response we received from your web server was:\n\n  > 404: Not Found\n\nThis was considered a failure because the status code was not `2xx` or `3xx`.\n\nIf you do not want status codes to cause failures pass the option: `failOnStatusCode: false`\n\n-----------------------------------------------------------\n\nThe request we sent was:\n\nMethod: PUT\nURL: http://localhost:3001/api/admin/conclude_resignation\nHeaders: {\n  \"Connection\": \"keep-alive\",\n  \"Authorization\": \"eyJhbGciOiJIUzI1NiIsInR5cCI6IkpXVCJ9.eyJyb2xlIjoiQURNSU4iLCJ1c2VybmFtZSI6ImFkbWluIiwiaWF0IjoxNzc4MzEwMTg3fQ.gpV0R1AtbeRGx-s4Bo2VPyVYP5YerudYny4cUOjY-rY\",\n  \"user-agent\": \"Mozilla/5.0 (Windows NT 10.0; Win64; x64) AppleWebKit/537.36 (KHTML, like Gecko) Cypress/13.17.0 Chrome/118.0.5993.159 Electron/27.3.10 Safari/537.36\",\n  \"accept\": \"*/*\",\n  \"accept-encoding\": \"gzip, deflate\",\n  \"content-type\": \"application/json\",\n  \"content-length\": 58\n}\nBody: {\"resignationId\":null,\"approved\":true,\"lwd\":\"26 Dec 2025\"}\n\n-----------------------------------------------------------\n\nThe response we got was:\n\nStatus: 404 - Not Found\nHeaders: {\n  \"x-powered-by\": \"Express\",\n  \"access-control-allow-origin\": \"*\",\n  \"content-type\": \"application/json; charset=utf-8\",\n  \"content-length\": \"35\",\n  \"etag\": \"W/\\\"23-veBhkv7SKMBZ9UX6y+1nVvLibiA\\\"\",\n  \"date\": \"Sat, 09 May 2026 07:03:08 GMT\",\n  \"connection\": \"keep-alive\",\n  \"keep-alive\": \"timeout=5\"\n}\nBody: {\n  \"message\": \"Resignation not found\"\n}\n\n\nhttps://on.cypress.io/request",
                "estack": "CypressError: `cy.request()` failed on:\n\nhttp://localhost:3001/api/admin/conclude_resignation\n\nThe response we received from your web server was:\n\n  > 404: Not Found\n\nThis was considered a failure because the status code was not `2xx` or `3xx`.\n\nIf you do not want status codes to cause failures pass the option: `failOnStatusCode: false`\n\n-----------------------------------------------------------\n\nThe request we sent was:\n\nMethod: PUT\nURL: http://localhost:3001/api/admin/conclude_resignation\nHeaders: {\n  \"Connection\": \"keep-alive\",\n  \"Authorization\": \"eyJhbGciOiJIUzI1NiIsInR5cCI6IkpXVCJ9.eyJyb2xlIjoiQURNSU4iLCJ1c2VybmFtZSI6ImFkbWluIiwiaWF0IjoxNzc4MzEwMTg3fQ.gpV0R1AtbeRGx-s4Bo2VPyVYP5YerudYny4cUOjY-rY\",\n  \"user-agent\": \"Mozilla/5.0 (Windows NT 10.0; Win64; x64) AppleWebKit/537.36 (KHTML, like Gecko) Cypress/13.17.0 Chrome/118.0.5993.159 Electron/27.3.10 Safari/537.36\",\n  \"accept\": \"*/*\",\n  \"accept-encoding\": \"gzip, deflate\",\n  \"content-type\": \"application/json\",\n  \"content-length\": 58\n}\nBody: {\"resignationId\":null,\"approved\":true,\"lwd\":\"26 Dec 2025\"}\n\n-----------------------------------------------------------\n\nThe response we got was:\n\nStatus: 404 - Not Found\nHeaders: {\n  \"x-powered-by\": \"Express\",\n  \"access-control-allow-origin\": \"*\",\n  \"content-type\": \"application/json; charset=utf-8\",\n  \"content-length\": \"35\",\n  \"etag\": \"W/\\\"23-veBhkv7SKMBZ9UX6y+1nVvLibiA\\\"\",\n  \"date\": \"Sat, 09 May 2026 07:03:08 GMT\",\n  \"connection\": \"keep-alive\",\n  \"keep-alive\": \"timeout=5\"\n}\nBody: {\n  \"message\": \"Resignation not found\"\n}\n\n\nhttps://on.cypress.io/request\n    at <unknown> (http://localhost:3001/__cypress/runner/cypress_runner.js:132876:72)\n    at tryCatcher (http://localhost:3001/__cypress/runner/cypress_runner.js:1830:23)\n    at Promise._settlePromiseFromHandler (http://localhost:3001/__cypress/runner/cypress_runner.js:1542:31)\n    at Promise._settlePromise (http://localhost:3001/__cypress/runner/cypress_runner.js:1599:18)\n    at Promise._settlePromise0 (http://localhost:3001/__cypress/runner/cypress_runner.js:1644:10)\n    at Promise._settlePromises (http://localhost:3001/__cypress/runner/cypress_runner.js:1724:18)\n    at _drainQueueStep (http://localhost:3001/__cypress/runner/cypress_runner.js:2430:12)\n    at _drainQueue (http://localhost:3001/__cypress/runner/cypress_runner.js:2423:9)\n    at Async._drainQueues (http://localhost:3001/__cypress/runner/cypress_runner.js:2439:5)\n    at Async.drainQueues (http://localhost:3001/__cypress/runner/cypress_runner.js:2309:14)\nFrom Your Spec Code:\n    at Context.eval (webpack://exitease/./cypress/integration/backend/backendTests.spec.js:77:7)",
                "diff": null
              },
              "uuid": "8683817d-ab65-4e9f-adc2-2db872e0637f",
              "parentUUID": "f0db911b-0696-44b4-b286-85bef010ac21",
              "isHook": false,
              "skipped": false
            },
            {
              "title": "should allow the employee to submit responses to exit questionnaire",
              "fullTitle": "Backend API Tests for Employee and Admin Role should allow the employee to submit responses to exit questionnaire",
              "timedOut": null,
              "duration": 424,
              "state": "failed",
              "speed": null,
              "pass": false,
              "fail": true,
              "pending": false,
              "context": null,
              "code": "const token = Cypress.env(\"employeeAuthToken\"); // Retrieve employee token from Cypress environment variable\ncy.request({\n  method: \"POST\",\n  url: `${apiUrl}/user/responses`,\n  headers: {\n    Authorization: `${token}`\n  },\n  body: {\n    responses: [{\n      questionText: \"What prompted you to start looking for another job?\",\n      response: \"Lack of career growth opportunities\"\n    }, {\n      questionText: \"Would you recommend this company to others?\",\n      response: \"Yes, with some reservations\"\n    }]\n  }\n}).then(response => {\n  expect(response.status).to.eq(200);\n});",
              "err": {
                "message": "CypressError: `cy.request()` failed on:\n\nhttp://localhost:3001/api/user/responses\n\nThe response we received from your web server was:\n\n  > 401: Unauthorized\n\nThis was considered a failure because the status code was not `2xx` or `3xx`.\n\nIf you do not want status codes to cause failures pass the option: `failOnStatusCode: false`\n\n-----------------------------------------------------------\n\nThe request we sent was:\n\nMethod: POST\nURL: http://localhost:3001/api/user/responses\nHeaders: {\n  \"Connection\": \"keep-alive\",\n  \"Authorization\": \"undefined\",\n  \"user-agent\": \"Mozilla/5.0 (Windows NT 10.0; Win64; x64) AppleWebKit/537.36 (KHTML, like Gecko) Cypress/13.17.0 Chrome/118.0.5993.159 Electron/27.3.10 Safari/537.36\",\n  \"accept\": \"*/*\",\n  \"accept-encoding\": \"gzip, deflate\",\n  \"content-type\": \"application/json\",\n  \"content-length\": 239\n}\nBody: {\"responses\":[{\"questionText\":\"What prompted you to start looking for another job?\",\"response\":\"Lack of career growth opportunities\"},{\"questionText\":\"Would you recommend this company to others?\",\"response\":\"Yes, with some reservations\"}]}\n\n-----------------------------------------------------------\n\nThe response we got was:\n\nStatus: 401 - Unauthorized\nHeaders: {\n  \"x-powered-by\": \"Express\",\n  \"access-control-allow-origin\": \"*\",\n  \"content-type\": \"application/json; charset=utf-8\",\n  \"content-length\": \"38\",\n  \"etag\": \"W/\\\"26-Xgv+GaqVb5MdihttTXhzczcstUY\\\"\",\n  \"date\": \"Sat, 09 May 2026 07:03:08 GMT\",\n  \"connection\": \"keep-alive\",\n  \"keep-alive\": \"timeout=5\"\n}\nBody: {\n  \"message\": \"Invalid or expired token\"\n}\n\n\nhttps://on.cypress.io/request",
                "estack": "CypressError: `cy.request()` failed on:\n\nhttp://localhost:3001/api/user/responses\n\nThe response we received from your web server was:\n\n  > 401: Unauthorized\n\nThis was considered a failure because the status code was not `2xx` or `3xx`.\n\nIf you do not want status codes to cause failures pass the option: `failOnStatusCode: false`\n\n-----------------------------------------------------------\n\nThe request we sent was:\n\nMethod: POST\nURL: http://localhost:3001/api/user/responses\nHeaders: {\n  \"Connection\": \"keep-alive\",\n  \"Authorization\": \"undefined\",\n  \"user-agent\": \"Mozilla/5.0 (Windows NT 10.0; Win64; x64) AppleWebKit/537.36 (KHTML, like Gecko) Cypress/13.17.0 Chrome/118.0.5993.159 Electron/27.3.10 Safari/537.36\",\n  \"accept\": \"*/*\",\n  \"accept-encoding\": \"gzip, deflate\",\n  \"content-type\": \"application/json\",\n  \"content-length\": 239\n}\nBody: {\"responses\":[{\"questionText\":\"What prompted you to start looking for another job?\",\"response\":\"Lack of career growth opportunities\"},{\"questionText\":\"Would you recommend this company to others?\",\"response\":\"Yes, with some reservations\"}]}\n\n-----------------------------------------------------------\n\nThe response we got was:\n\nStatus: 401 - Unauthorized\nHeaders: {\n  \"x-powered-by\": \"Express\",\n  \"access-control-allow-origin\": \"*\",\n  \"content-type\": \"application/json; charset=utf-8\",\n  \"content-length\": \"38\",\n  \"etag\": \"W/\\\"26-Xgv+GaqVb5MdihttTXhzczcstUY\\\"\",\n  \"date\": \"Sat, 09 May 2026 07:03:08 GMT\",\n  \"connection\": \"keep-alive\",\n  \"keep-alive\": \"timeout=5\"\n}\nBody: {\n  \"message\": \"Invalid or expired token\"\n}\n\n\nhttps://on.cypress.io/request\n    at <unknown> (http://localhost:3001/__cypress/runner/cypress_runner.js:132876:72)\n    at tryCatcher (http://localhost:3001/__cypress/runner/cypress_runner.js:1830:23)\n    at Promise._settlePromiseFromHandler (http://localhost:3001/__cypress/runner/cypress_runner.js:1542:31)\n    at Promise._settlePromise (http://localhost:3001/__cypress/runner/cypress_runner.js:1599:18)\n    at Promise._settlePromise0 (http://localhost:3001/__cypress/runner/cypress_runner.js:1644:10)\n    at Promise._settlePromises (http://localhost:3001/__cypress/runner/cypress_runner.js:1724:18)\n    at _drainQueueStep (http://localhost:3001/__cypress/runner/cypress_runner.js:2430:12)\n    at _drainQueue (http://localhost:3001/__cypress/runner/cypress_runner.js:2423:9)\n    at Async._drainQueues (http://localhost:3001/__cypress/runner/cypress_runner.js:2439:5)\n    at Async.drainQueues (http://localhost:3001/__cypress/runner/cypress_runner.js:2309:14)\nFrom Your Spec Code:\n    at Context.eval (webpack://exitease/./cypress/integration/backend/backendTests.spec.js:96:7)",
                "diff": null
              },
              "uuid": "c31a7d6e-6e80-4232-a42c-f7c5c79731e2",
              "parentUUID": "f0db911b-0696-44b4-b286-85bef010ac21",
              "isHook": false,
              "skipped": false
            },
            {
              "title": "should allow the admin to view all questionnaire responses",
              "fullTitle": "Backend API Tests for Employee and Admin Role should allow the admin to view all questionnaire responses",
              "timedOut": null,
              "duration": 546,
              "state": "failed",
              "speed": null,
              "pass": false,
              "fail": true,
              "pending": false,
              "context": null,
              "code": "const token = Cypress.env(\"adminAuthToken\"); // Retrieve admin token from Cypress environment variable\ncy.request({\n  method: \"GET\",\n  url: `${apiUrl}/admin/exit_responses`,\n  headers: {\n    Authorization: `${token}`\n  }\n}).then(response => {\n  expect(response.status).to.eq(200);\n  expect(response.body.data).to.be.an(\"array\");\n  // Find the specific response data that matches the expected responses\n  const expectedResponses = [{\n    questionText: \"What prompted you to start looking for another job?\",\n    response: \"Lack of career growth opportunities\"\n  }, {\n    questionText: \"Would you recommend this company to others?\",\n    response: \"Yes, with some reservations\"\n  }];\n  // Check if any of the data array includes the expected responses\n  const hasExpectedResponses = response.body.data.some(item => {\n    return item.responses.length === expectedResponses.length && item.responses.every((resp, index) => {\n      return resp.questionText === expectedResponses[index].questionText && resp.response === expectedResponses[index].response;\n    });\n  });\n  // Assert that the expected responses exist in the data\n  expect(hasExpectedResponses).to.be.true;\n});",
              "err": {
                "message": "TypeError: Cannot read properties of undefined (reading 'length')",
                "estack": "TypeError: Cannot read properties of undefined (reading 'length')\n    at eval (webpack://exitease/./cypress/integration/backend/backendTests.spec.js:147:25)\n    at Context.eval (webpack://exitease/./cypress/integration/backend/backendTests.spec.js:145:54)",
                "diff": null
              },
              "uuid": "2b3c02a4-b330-4551-ba51-85ade01c2202",
              "parentUUID": "f0db911b-0696-44b4-b286-85bef010ac21",
              "isHook": false,
              "skipped": false
            }
          ],
          "suites": [],
          "passes": [
            "45f1ea93-1d5c-4d38-870b-0fccd637a53d",
            "e8dcde54-6e7a-4f61-becb-03f502967cc3"
          ],
          "failures": [
            "7581b5f8-84a6-495f-a9b1-c2192c065f2e",
            "54098f36-78d5-462c-8679-7433f8612bcf",
            "1abe2d63-0def-47a5-ab3a-a4d886545dda",
            "8683817d-ab65-4e9f-adc2-2db872e0637f",
            "c31a7d6e-6e80-4232-a42c-f7c5c79731e2",
            "2b3c02a4-b330-4551-ba51-85ade01c2202"
          ],
          "pending": [],
          "skipped": [],
          "duration": 3987,
          "root": false,
          "rootEmpty": false,
          "_timeout": 2000
        }
      ],
      "passes": [],
      "failures": [],
      "pending": [],
      "skipped": [],
      "duration": 0,
      "root": true,
      "rootEmpty": true,
      "_timeout": 2000
    }
  ],
  "meta": {
    "mocha": {
      "version": "7.0.1"
    },
    "mochawesome": {
      "options": {
        "quiet": false,
        "reportFilename": "my-report",
        "saveHtml": true,
        "saveJson": true,
        "consoleReporter": "spec",
        "useInlineDiffs": false,
        "code": true
      },
      "version": "7.1.4"
    },
    "marge": {
      "options": {
        "charts": true,
        "json": true,
        "reportsDir": "reports/your-reports-folder",
        "reportFilename": "my-report",
        "overwrite": false
      },
      "version": "6.3.2"
    }
  }
}